<?xml version="1.0" encoding="UTF-8"?>
<testng-results ignored="0" total="2" passed="2" failed="0" skipped="0">
  <reporter-output>
  </reporter-output>
  <suite started-at="2023-03-21T19:09:21 TRT" name="Suite" finished-at="2023-03-21T19:09:49 TRT" duration-ms="27889">
    <groups>
    </groups>
    <test started-at="2023-03-21T19:09:21 TRT" name="Test2" finished-at="2023-03-21T19:09:44 TRT" duration-ms="22294">
      <class name="yaray.OrderCompleteTest">
        <test-method is-config="true" signature="setup()[pri:0, instance:yaray.OrderCompleteTest@6392827e]" started-at="2023-03-21T19:09:22 TRT" name="setup" finished-at="2023-03-21T19:09:27 TRT" duration-ms="4808" status="PASS">
          <reporter-output>
          </reporter-output>
        </test-method> <!-- setup -->
        <test-method signature="endToEndTest()[pri:0, instance:yaray.OrderCompleteTest@6392827e]" started-at="2023-03-21T19:09:27 TRT" name="endToEndTest" finished-at="2023-03-21T19:09:42 TRT" duration-ms="15705" status="PASS">
          <reporter-output>
          </reporter-output>
        </test-method> <!-- endToEndTest -->
        <test-method is-config="true" signature="tearDown()[pri:0, instance:yaray.OrderCompleteTest@6392827e]" started-at="2023-03-21T19:09:42 TRT" name="tearDown" finished-at="2023-03-21T19:09:44 TRT" duration-ms="1327" status="PASS">
          <reporter-output>
          </reporter-output>
        </test-method> <!-- tearDown -->
      </class> <!-- yaray.OrderCompleteTest -->
    </test> <!-- Test2 -->
    <test started-at="2023-03-21T19:09:21 TRT" name="Test1" finished-at="2023-03-21T19:09:49 TRT" duration-ms="27889">
      <class name="yaray.AddRemoveItemBasketTest">
        <test-method is-config="true" signature="setup()[pri:0, instance:yaray.AddRemoveItemBasketTest@1b1426f4]" started-at="2023-03-21T19:09:22 TRT" name="setup" finished-at="2023-03-21T19:09:27 TRT" duration-ms="4874" status="PASS">
          <reporter-output>
          </reporter-output>
        </test-method> <!-- setup -->
        <test-method signature="addRemoveItem()[pri:0, instance:yaray.AddRemoveItemBasketTest@1b1426f4]" started-at="2023-03-21T19:09:27 TRT" name="addRemoveItem" finished-at="2023-03-21T19:09:48 TRT" duration-ms="21252" status="PASS">
          <reporter-output>
          </reporter-output>
        </test-method> <!-- addRemoveItem -->
        <test-method is-config="true" signature="tearDown()[pri:0, instance:yaray.AddRemoveItemBasketTest@1b1426f4]" started-at="2023-03-21T19:09:48 TRT" name="tearDown" finished-at="2023-03-21T19:09:49 TRT" duration-ms="1390" status="PASS">
          <reporter-output>
          </reporter-output>
        </test-method> <!-- tearDown -->
      </class> <!-- yaray.AddRemoveItemBasketTest -->
    </test> <!-- Test1 -->
  </suite> <!-- Suite -->
</testng-results>
